Android/CorpoSaude/app/build/outputs/logs/manifest-merger-debug-report.txt
-- Merging decision tree log ---
manifest
ADDED from AndroidManifest.xml:2:1
	xmlns:android
		ADDED from AndroidManifest.xml:2:11
	package
		ADDED from AndroidManifest.xml:3:5
		INJECTED from AndroidManifest.xml:0:0
		INJECTED from AndroidManifest.xml:0:0
	android:versionName
		ADDED from AndroidManifest.xml:5:5
	android:versionCode
		ADDED from AndroidManifest.xml:4:5
		INJECTED from AndroidManifest.xml:0:0
		INJECTED from AndroidManifest.xml:0:0
uses-sdk
ADDED from AndroidManifest.xml:7:5
MERGED from com.android.support:appcompat-v7:21.0.3:15:5
MERGED from com.android.support:support-v4:21.0.3:15:5
MERGED from com.android.support:support-v4:21.0.3:15:5
	android:targetSdkVersion
		ADDED from AndroidManifest.xml:9:9
		INJECTED from AndroidManifest.xml:0:0
		INJECTED from AndroidManifest.xml:0:0
	android:minSdkVersion
		ADDED from AndroidManifest.xml:8:9
		INJECTED from AndroidManifest.xml:0:0
		INJECTED from AndroidManifest.xml:0:0
application
ADDED from AndroidManifest.xml:11:5
MERGED from com.android.support:appcompat-v7:21.0.3:16:5
MERGED from com.android.support:support-v4:21.0.3:16:5
MERGED from com.android.support:support-v4:21.0.3:16:5
	android:label
		ADDED from AndroidManifest.xml:14:9
	android:allowBackup
		ADDED from AndroidManifest.xml:12:9
	android:icon
		ADDED from AndroidManifest.xml:13:9
	android:theme
		ADDED from AndroidManifest.xml:15:9
activity#com.corposaude.CorpoSaude
ADDED from AndroidManifest.xml:16:9
	android:label
		ADDED from AndroidManifest.xml:18:13
	android:name
		ADDED from AndroidManifest.xml:17:13
intent-filter#android.intent.action.MAIN+android.intent.category.LAUNCHER
ADDED from AndroidManifest.xml:19:13
action#android.intent.action.MAIN
ADDED from AndroidManifest.xml:20:17
	android:name
		ADDED from AndroidManifest.xml:20:25
category#android.intent.category.LAUNCHER
ADDED from AndroidManifest.xml:22:17
	android:name
		ADDED from AndroidManifest.xml:22:27
activity#com.corposaude.Calculadora
ADDED from AndroidManifest.xml:25:9
	android:label
		ADDED from AndroidManifest.xml:27:13
	android:name
		ADDED from AndroidManifest.xml:26:13
activity#com.corposaude.Cadastro
ADDED from AndroidManifest.xml:35:6
	android:name
		ADDED from AndroidManifest.xml:36:13
activity#com.corposaude.Detalhamento
ADDED from AndroidManifest.xml:40:6
	android:name
		ADDED from AndroidManifest.xml:41:13
activity#com.corposaude.Ficha
ADDED from AndroidManifest.xml:44:6
	android:name
		ADDED from AndroidManifest.xml:45:13
activity#com.corposaude.FichaNova
ADDED from AndroidManifest.xml:49:6
	android:name
		ADDED from AndroidManifest.xml:50:13
activity#com.corposaude.CalculadoraIMC
ADDED from AndroidManifest.xml:54:6
	android:name
		ADDED from AndroidManifest.xml:55:13
activity#com.corposaude.Tabela
ADDED from AndroidManifest.xml:59:6
	android:name
		ADDED from AndroidManifest.xml:60:13
activity#com.corposaude.Fichas
ADDED from AndroidManifest.xml:64:6
	android:name
		ADDED from AndroidManifest.xml:65:13
activity#com.corposaude.FichaEctomorfo
ADDED from AndroidManifest.xml:70:10
	android:name
		ADDED from AndroidManifest.xml:71:13
activity#com.corposaude.FichaMesomorfo
ADDED from AndroidManifest.xml:76:5
	android:name
		ADDED from AndroidManifest.xml:77:13
activity#com.corposaude.FichaEndomorfo
ADDED from AndroidManifest.xml:81:9
	android:name
		ADDED from AndroidManifest.xml:82:13
activity#com.corposaude.SobreCorpo
ADDED from AndroidManifest.xml:86:6
	android:name
		ADDED from AndroidManifest.xml:87:13
activity#com.corposaude.SobreCorpoEcto
ADDED from AndroidManifest.xml:91:10
	android:name
		ADDED from AndroidManifest.xml:92:13
activity#com.corposaude.SobreCorpoMeso
ADDED from AndroidManifest.xml:95:7
	android:name
		ADDED from AndroidManifest.xml:96:13
activity#com.corposaude.SobreCorpoEndo
ADDED from AndroidManifest.xml:100:6
	android:name
		ADDED from AndroidManifest.xml:101:13